<?xml version="1.0" encoding="UTF-8"?>
<!-- Generated by org.testng.reporters.JUnitXMLReporter -->
<testsuite ignored="0" hostname="DESKTOP-BTT9JPH" failures="0" tests="11" name="Command line test" time="0.022" errors="0" timestamp="2021-02-26T19:45:52 IST">
  <testcase classname="Hackathon.Testng_CalculateTripCost" name="@BeforeSuite SetDrivers" time="0.373">
    <failure type="org.openqa.selenium.SessionNotCreatedException" message="Unable to create new service: ChromeDriverService
Build info: version: &amp;apos;3.141.59&amp;apos;, revision: &amp;apos;e82be7d358&amp;apos;, time: &amp;apos;2018-11-14T08:25:53&amp;apos;
System info: host: &amp;apos;DESKTOP-BTT9JPH&amp;apos;, ip: &amp;apos;192.168.1.148&amp;apos;, os.name: &amp;apos;Windows 10&amp;apos;, os.arch: &amp;apos;amd64&amp;apos;, os.version: &amp;apos;10.0&amp;apos;, java.version: &amp;apos;15.0.2&amp;apos;
Driver info: driver.version: unknown
Command duration or timeout: 75 milliseconds">
      <![CDATA[org.openqa.selenium.SessionNotCreatedException: Unable to create new service: ChromeDriverService
Build info: version: '3.141.59', revision: 'e82be7d358', time: '2018-11-14T08:25:53'
System info: host: 'DESKTOP-BTT9JPH', ip: '192.168.1.148', os.name: 'Windows 10', os.arch: 'amd64', os.version: '10.0', java.version: '15.0.2'
Driver info: driver.version: unknown
Command duration or timeout: 75 milliseconds
at org.openqa.selenium.remote.ErrorHandler.createThrowable(ErrorHandler.java:214)
at org.openqa.selenium.remote.ErrorHandler.throwIfResponseFailed(ErrorHandler.java:166)
at org.openqa.selenium.remote.JsonWireProtocolResponse.lambda$errorHandler$0(JsonWireProtocolResponse.java:54)
at org.openqa.selenium.remote.HandshakeResponse.lambda$getResponseFunction$0(HandshakeResponse.java:30)
at org.openqa.selenium.remote.ProtocolHandshake.lambda$createSession$0(ProtocolHandshake.java:126)
at java.base/java.util.stream.ReferencePipeline$3$1.accept(ReferencePipeline.java:195)
at java.base/java.util.Spliterators$ArraySpliterator.tryAdvance(Spliterators.java:958)
at java.base/java.util.stream.ReferencePipeline.forEachWithCancel(ReferencePipeline.java:127)
at java.base/java.util.stream.AbstractPipeline.copyIntoWithCancel(AbstractPipeline.java:502)
at java.base/java.util.stream.AbstractPipeline.copyInto(AbstractPipeline.java:488)
at java.base/java.util.stream.AbstractPipeline.wrapAndCopyInto(AbstractPipeline.java:474)
at java.base/java.util.stream.FindOps$FindOp.evaluateSequential(FindOps.java:150)
at java.base/java.util.stream.AbstractPipeline.evaluate(AbstractPipeline.java:234)
at java.base/java.util.stream.ReferencePipeline.findFirst(ReferencePipeline.java:543)
at org.openqa.selenium.remote.ProtocolHandshake.createSession(ProtocolHandshake.java:128)
at org.openqa.selenium.remote.ProtocolHandshake.createSession(ProtocolHandshake.java:74)
at org.openqa.selenium.remote.HttpCommandExecutor.execute(HttpCommandExecutor.java:136)
at org.openqa.selenium.remote.RemoteWebDriver.execute(RemoteWebDriver.java:552)
at org.openqa.selenium.remote.RemoteWebDriver.startSession(RemoteWebDriver.java:213)
at org.openqa.selenium.remote.RemoteWebDriver.<init>(RemoteWebDriver.java:131)
at org.openqa.selenium.remote.RemoteWebDriver.<init>(RemoteWebDriver.java:144)
at Hackathon.Testng_CalculateTripCost.SetDrivers(Testng_CalculateTripCost.java:57)
Caused by: org.openqa.selenium.SessionNotCreatedException: Unable to create new service: ChromeDriverService
Build info: version: '3.141.59', revision: 'e82be7d358', time: '2018-11-14T08:25:53'
System info: host: 'DESKTOP-BTT9JPH', ip: '192.168.1.148', os.name: 'Windows 10', os.arch: 'amd64', os.version: '10.0', java.version: '15.0.2'
Driver info: driver.version: unknown
Build info: version: '3.141.59', revision: 'e82be7d358', time: '2018-11-14T08:17:03'
System info: host: 'DESKTOP-BTT9JPH', ip: '192.168.1.148', os.name: 'Windows 10', os.arch: 'amd64', os.version: '10.0', java.version: '15.0.2'
Driver info: driver.version: unknown
at org.openqa.selenium.grid.session.remote.ServicedSession$Factory.lambda$get$0(ServicedSession.java:135)
at org.openqa.selenium.grid.session.remote.ServicedSession$Factory.apply(ServicedSession.java:152)
at org.openqa.selenium.remote.server.ActiveSessionFactory.lambda$apply$12(ActiveSessionFactory.java:180)
at java.util.stream.ReferencePipeline$3$1.accept(ReferencePipeline.java:195)
at java.util.stream.ReferencePipeline$11$1.accept(ReferencePipeline.java:442)
at java.util.stream.ReferencePipeline$2$1.accept(ReferencePipeline.java:177)
at java.util.Spliterators$ArraySpliterator.tryAdvance(Spliterators.java:958)
at java.util.stream.ReferencePipeline.forEachWithCancel(ReferencePipeline.java:127)
at java.util.stream.AbstractPipeline.copyIntoWithCancel(AbstractPipeline.java:502)
at java.util.stream.AbstractPipeline.copyInto(AbstractPipeline.java:488)
at java.util.stream.AbstractPipeline.wrapAndCopyInto(AbstractPipeline.java:474)
at java.util.stream.FindOps$FindOp.evaluateSequential(FindOps.java:150)
at java.util.stream.AbstractPipeline.evaluate(AbstractPipeline.java:234)
at java.util.stream.ReferencePipeline.findFirst(ReferencePipeline.java:543)
at org.openqa.selenium.remote.server.ActiveSessionFactory.apply(ActiveSessionFactory.java:183)
at org.openqa.selenium.remote.server.NewSessionPipeline.lambda$null$2(NewSessionPipeline.java:66)
at java.util.stream.ReferencePipeline$3$1.accept(ReferencePipeline.java:195)
at java.util.stream.ReferencePipeline$2$1.accept(ReferencePipeline.java:177)
at java.util.Collections$2.tryAdvance(Collections.java:4820)
at java.util.stream.ReferencePipeline.forEachWithCancel(ReferencePipeline.java:127)
at java.util.stream.AbstractPipeline.copyIntoWithCancel(AbstractPipeline.java:502)
at java.util.stream.AbstractPipeline.copyInto(AbstractPipeline.java:488)
at java.util.stream.AbstractPipeline.wrapAndCopyInto(AbstractPipeline.java:474)
at java.util.stream.FindOps$FindOp.evaluateSequential(FindOps.java:150)
at java.util.stream.AbstractPipeline.evaluate(AbstractPipeline.java:234)
at java.util.stream.ReferencePipeline.findFirst(ReferencePipeline.java:543)
at org.openqa.selenium.remote.server.NewSessionPipeline.lambda$createNewSession$3(NewSessionPipeline.java:69)
at java.util.stream.ReferencePipeline$3$1.accept(ReferencePipeline.java:195)
at java.util.stream.ReferencePipeline$3$1.accept(ReferencePipeline.java:195)
at java.util.stream.ReferencePipeline$3$1.accept(ReferencePipeline.java:195)
at java.util.stream.DistinctOps$1$2.accept(DistinctOps.java:174)
at java.util.stream.ReferencePipeline$2$1.accept(ReferencePipeline.java:177)
at java.util.stream.ReferencePipeline$3$1.accept(ReferencePipeline.java:195)
at java.util.stream.ReferencePipeline$2$1.accept(ReferencePipeline.java:177)
at java.util.stream.Streams$StreamBuilderImpl.tryAdvance(Streams.java:397)
at java.util.stream.Streams$ConcatSpliterator.tryAdvance(Streams.java:720)
at java.util.stream.ReferencePipeline.forEachWithCancel(ReferencePipeline.java:127)
at java.util.stream.AbstractPipeline.copyIntoWithCancel(AbstractPipeline.java:502)
at java.util.stream.AbstractPipeline.copyInto(AbstractPipeline.java:488)
at java.util.stream.AbstractPipeline.wrapAndCopyInto(AbstractPipeline.java:474)
at java.util.stream.FindOps$FindOp.evaluateSequential(FindOps.java:150)
at java.util.stream.AbstractPipeline.evaluate(AbstractPipeline.java:234)
at java.util.stream.ReferencePipeline.findFirst(ReferencePipeline.java:543)
at org.openqa.selenium.remote.server.NewSessionPipeline.createNewSession(NewSessionPipeline.java:72)
at org.openqa.selenium.remote.server.commandhandler.BeginSession.execute(BeginSession.java:65)
at org.openqa.selenium.remote.server.WebDriverServlet.lambda$handle$0(WebDriverServlet.java:235)
at java.util.concurrent.Executors$RunnableAdapter.call(Executors.java:515)
at java.util.concurrent.FutureTask.run(FutureTask.java:264)
at java.util.concurrent.ThreadPoolExecutor.runWorker(ThreadPoolExecutor.java:1130)
at java.util.concurrent.ThreadPoolExecutor$Worker.run(ThreadPoolExecutor.java:630)
at java.lang.Thread.run(Thread.java:832)
... Removed 33 stack frames]]>
    </failure>
  </testcase> <!-- @BeforeSuite SetDrivers -->
  <testcase classname="Hackathon.Testng_CalculateTripCost" name="@AfterMethod screenShot" time="-1.614348952637E9">
    <skipped/>
  </testcase> <!-- @AfterMethod screenShot -->
  <testcase classname="Hackathon.Testng_CalculateTripCost" name="@AfterMethod screenShot" time="-1.614348952639E9">
    <skipped/>
  </testcase> <!-- @AfterMethod screenShot -->
  <testcase classname="Hackathon.Testng_CalculateTripCost" name="@AfterMethod screenShot" time="-1.61434895264E9">
    <skipped/>
  </testcase> <!-- @AfterMethod screenShot -->
  <testcase classname="Hackathon.Testng_CalculateTripCost" name="@AfterMethod screenShot" time="-1.61434895264E9">
    <skipped/>
  </testcase> <!-- @AfterMethod screenShot -->
  <testcase classname="Hackathon.Testng_CalculateTripCost" name="@AfterMethod screenShot" time="-1.614348952641E9">
    <skipped/>
  </testcase> <!-- @AfterMethod screenShot -->
  <testcase classname="Hackathon.Testng_CalculateTripCost" name="@AfterMethod screenShot" time="-1.614348952641E9">
    <skipped/>
  </testcase> <!-- @AfterMethod screenShot -->
  <testcase classname="Hackathon.Testng_CalculateTripCost" name="@AfterMethod screenShot" time="-1.614348952642E9">
    <skipped/>
  </testcase> <!-- @AfterMethod screenShot -->
  <testcase classname="Hackathon.Testng_CalculateTripCost" name="@AfterMethod screenShot" time="-1.614348952642E9">
    <skipped/>
  </testcase> <!-- @AfterMethod screenShot -->
  <testcase classname="Hackathon.Testng_CalculateTripCost" name="@AfterMethod screenShot" time="-1.614348952643E9">
    <skipped/>
  </testcase> <!-- @AfterMethod screenShot -->
  <testcase classname="Hackathon.Testng_CalculateTripCost" name="SetUrl" time="0.0">
    <skipped/>
  </testcase> <!-- SetUrl -->
  <testcase classname="Hackathon.Testng_CalculateTripCost" name="SearchDestination" time="0.0">
    <skipped/>
  </testcase> <!-- SearchDestination -->
  <testcase classname="Hackathon.Testng_CalculateTripCost" name="ClickHolidayHomesButton" time="0.0">
    <skipped/>
  </testcase> <!-- ClickHolidayHomesButton -->
  <testcase classname="Hackathon.Testng_CalculateTripCost" name="SetDate" time="0.0">
    <skipped/>
  </testcase> <!-- SetDate -->
  <testcase classname="Hackathon.Testng_CalculateTripCost" name="NoOfGuests" time="0.0">
    <skipped/>
  </testcase> <!-- NoOfGuests -->
  <testcase classname="Hackathon.Testng_CalculateTripCost" name="RatingSort" time="0.0">
    <skipped/>
  </testcase> <!-- RatingSort -->
  <testcase classname="Hackathon.Testng_CalculateTripCost" name="LiftAccess" time="0.0">
    <skipped/>
  </testcase> <!-- LiftAccess -->
  <testcase classname="Hackathon.Testng_CalculateTripCost" name="HotelDetails" time="0.0">
    <skipped/>
  </testcase> <!-- HotelDetails -->
  <testcase classname="Hackathon.Testng_CalculateTripCost" name="GetHotelScreenShots" time="0.0">
    <skipped/>
  </testcase> <!-- GetHotelScreenShots -->
  <testcase classname="Hackathon.Testng_CalculateTripCost" name="SetCruises" time="0.0">
    <skipped/>
  </testcase> <!-- SetCruises -->
  <testcase classname="Hackathon.Testng_CalculateTripCost" name="GetCruiseDetails" time="0.0">
    <skipped/>
  </testcase> <!-- GetCruiseDetails -->
</testsuite> <!-- Command line test -->
