<?xml version="1.0" encoding="UTF-8"?>
<!-- Generated by org.testng.reporters.JUnitXMLReporter -->
<testsuite ignored="0" hostname="DESKTOP-BTT9JPH" failures="4" tests="11" name="Command line test" time="51.971" errors="0" timestamp="2021-02-22T19:43:48 IST">
  <testcase classname="Hackathon.Calculate_Trip_Cost" name="SetUrl" time="4.892"/>
  <testcase classname="Hackathon.Calculate_Trip_Cost" name="SearchDestination" time="2.859"/>
  <testcase classname="Hackathon.Calculate_Trip_Cost" name="ClickHolidayHomesButton" time="6.295"/>
  <testcase classname="Hackathon.Calculate_Trip_Cost" name="SetDate" time="2.135"/>
  <testcase classname="Hackathon.Calculate_Trip_Cost" name="NoOfGuests" time="0.626"/>
  <testcase classname="Hackathon.Calculate_Trip_Cost" name="RatingSort" time="1.131">
    <failure type="org.openqa.selenium.ElementClickInterceptedException" message="element click intercepted: Element &amp;lt;div class=&amp;quot;_1NO-LVmX&amp;quot;&amp;gt;...&amp;lt;/div&amp;gt; is not clickable at point (1480, 349). Other element would receive the click: &amp;lt;div class=&amp;quot;_3Sb-DGhT undefined&amp;quot;&amp;gt;...&amp;lt;/div&amp;gt;
  (Session info: chrome=88.0.4324.182)
Build info: version: &amp;apos;3.141.59&amp;apos;, revision: &amp;apos;e82be7d358&amp;apos;, time: &amp;apos;2018-11-14T08:17:03&amp;apos;
System info: host: &amp;apos;DESKTOP-BTT9JPH&amp;apos;, ip: &amp;apos;192.168.1.148&amp;apos;, os.name: &amp;apos;Windows 10&amp;apos;, os.arch: &amp;apos;amd64&amp;apos;, os.version: &amp;apos;10.0&amp;apos;, java.version: &amp;apos;15.0.2&amp;apos;
Driver info: org.openqa.selenium.chrome.ChromeDriver
Capabilities {acceptInsecureCerts: false, browserName: chrome, browserVersion: 88.0.4324.182, chrome: {chromedriverVersion: 87.0.4280.88 (89e2380a3e36c..., userDataDir: C:\Users\Sarkhel\AppData\Lo...}, goog:chromeOptions: {debuggerAddress: localhost:59915}, javascriptEnabled: true, networkConnectionEnabled: false, pageLoadStrategy: normal, platform: WINDOWS, platformName: WINDOWS, proxy: Proxy(), setWindowRect: true, strictFileInteractability: false, timeouts: {implicit: 0, pageLoad: 300000, script: 30000}, unhandledPromptBehavior: dismiss and notify, webauthn:virtualAuthenticators: true}
Session ID: 0f1b592fac6552ebaa4591ad4b9ab269">
      <![CDATA[org.openqa.selenium.ElementClickInterceptedException: element click intercepted: Element <div class="_1NO-LVmX">...</div> is not clickable at point (1480, 349). Other element would receive the click: <div class="_3Sb-DGhT undefined">...</div>
  (Session info: chrome=88.0.4324.182)
Build info: version: '3.141.59', revision: 'e82be7d358', time: '2018-11-14T08:17:03'
System info: host: 'DESKTOP-BTT9JPH', ip: '192.168.1.148', os.name: 'Windows 10', os.arch: 'amd64', os.version: '10.0', java.version: '15.0.2'
Driver info: org.openqa.selenium.chrome.ChromeDriver
Capabilities {acceptInsecureCerts: false, browserName: chrome, browserVersion: 88.0.4324.182, chrome: {chromedriverVersion: 87.0.4280.88 (89e2380a3e36c..., userDataDir: C:\Users\Sarkhel\AppData\Lo...}, goog:chromeOptions: {debuggerAddress: localhost:59915}, javascriptEnabled: true, networkConnectionEnabled: false, pageLoadStrategy: normal, platform: WINDOWS, platformName: WINDOWS, proxy: Proxy(), setWindowRect: true, strictFileInteractability: false, timeouts: {implicit: 0, pageLoad: 300000, script: 30000}, unhandledPromptBehavior: dismiss and notify, webauthn:virtualAuthenticators: true}
Session ID: 0f1b592fac6552ebaa4591ad4b9ab269
at org.openqa.selenium.remote.http.W3CHttpResponseCodec.createException(W3CHttpResponseCodec.java:187)
at org.openqa.selenium.remote.http.W3CHttpResponseCodec.decode(W3CHttpResponseCodec.java:122)
at org.openqa.selenium.remote.http.W3CHttpResponseCodec.decode(W3CHttpResponseCodec.java:49)
at org.openqa.selenium.remote.HttpCommandExecutor.execute(HttpCommandExecutor.java:158)
at org.openqa.selenium.remote.service.DriverCommandExecutor.execute(DriverCommandExecutor.java:83)
at org.openqa.selenium.remote.RemoteWebDriver.execute(RemoteWebDriver.java:552)
at org.openqa.selenium.remote.RemoteWebElement.execute(RemoteWebElement.java:285)
at org.openqa.selenium.remote.RemoteWebElement.click(RemoteWebElement.java:84)
at Hackathon.Calculate_Trip_Cost.RatingSort(Calculate_Trip_Cost.java:220)
at java.base/java.util.ArrayList.forEach(ArrayList.java:1511)
at Hackathon.Calculate_Trip_Cost.main(Calculate_Trip_Cost.java:371)
... Removed 29 stack frames]]>
    </failure>
  </testcase> <!-- RatingSort -->
  <testcase classname="Hackathon.Calculate_Trip_Cost" name="LiftAccess" time="0.685"/>
  <testcase classname="Hackathon.Calculate_Trip_Cost" name="HotelDetails" time="0.5">
    <failure type="java.io.FileNotFoundException" message="C:\Users\Sarkhel\eclipse-workspace\Calculate_Trip_Cost\Config.properties (The system cannot find the file specified)">
      <![CDATA[java.io.FileNotFoundException: C:\Users\Sarkhel\eclipse-workspace\Calculate_Trip_Cost\Config.properties (The system cannot find the file specified)
at java.base/java.io.FileInputStream.open0(Native Method)
at java.base/java.io.FileInputStream.open(FileInputStream.java:211)
at java.base/java.io.FileInputStream.<init>(FileInputStream.java:153)
at java.base/java.io.FileInputStream.<init>(FileInputStream.java:108)
at Hackathon.GetHotelDetails.getPropertyFile(GetHotelDetails.java:21)
at Hackathon.GetHotelDetails.GetHotelName(GetHotelDetails.java:34)
at Hackathon.Calculate_Trip_Cost.HotelDetails(Calculate_Trip_Cost.java:270)
at java.base/java.util.ArrayList.forEach(ArrayList.java:1511)
at Hackathon.Calculate_Trip_Cost.main(Calculate_Trip_Cost.java:371)
... Removed 24 stack frames]]>
    </failure>
  </testcase> <!-- HotelDetails -->
  <testcase classname="Hackathon.Calculate_Trip_Cost" name="GetHotelScreenShots" time="0.003">
    <failure type="java.io.FileNotFoundException" message="C:\Users\Sarkhel\eclipse-workspace\Calculate_Trip_Cost\Config.properties (The system cannot find the file specified)">
      <![CDATA[java.io.FileNotFoundException: C:\Users\Sarkhel\eclipse-workspace\Calculate_Trip_Cost\Config.properties (The system cannot find the file specified)
at java.base/java.io.FileInputStream.open0(Native Method)
at java.base/java.io.FileInputStream.open(FileInputStream.java:211)
at java.base/java.io.FileInputStream.<init>(FileInputStream.java:153)
at java.base/java.io.FileInputStream.<init>(FileInputStream.java:108)
at Hackathon.GetHotelDetails.getPropertyFile(GetHotelDetails.java:21)
at Hackathon.GetHotelDetails.GetHotelLinks(GetHotelDetails.java:97)
at Hackathon.Calculate_Trip_Cost.GetHotelScreenShots(Calculate_Trip_Cost.java:298)
at java.base/java.util.ArrayList.forEach(ArrayList.java:1511)
at Hackathon.Calculate_Trip_Cost.main(Calculate_Trip_Cost.java:371)
... Removed 24 stack frames]]>
    </failure>
  </testcase> <!-- GetHotelScreenShots -->
  <testcase classname="Hackathon.Calculate_Trip_Cost" name="SetCruises" time="2.724"/>
  <testcase classname="Hackathon.Calculate_Trip_Cost" name="GetCruiseDetails" time="30.104">
    <failure type="org.openqa.selenium.NoSuchElementException" message="no such element: Unable to locate element: {&amp;quot;method&amp;quot;:&amp;quot;css selector&amp;quot;,&amp;quot;selector&amp;quot;:&amp;quot;#ship_overview &amp;gt; div &amp;gt; div &amp;gt; div &amp;gt; div.ui_column.is-6-desktop.is-12-mobile.is-12-tablet._2uUROZdb &amp;gt; div.ui_column.is-12-desktop.is-12-mobile.is-12-tablet._114pqgnv &amp;gt; div._30ZCn9lR &amp;gt; div:nth-child(1)&amp;quot;}
  (Session info: chrome=88.0.4324.182)
For documentation on this error, please visit: https://www.seleniumhq.org/exceptions/no_such_element.html
Build info: version: &amp;apos;3.141.59&amp;apos;, revision: &amp;apos;e82be7d358&amp;apos;, time: &amp;apos;2018-11-14T08:17:03&amp;apos;
System info: host: &amp;apos;DESKTOP-BTT9JPH&amp;apos;, ip: &amp;apos;192.168.1.148&amp;apos;, os.name: &amp;apos;Windows 10&amp;apos;, os.arch: &amp;apos;amd64&amp;apos;, os.version: &amp;apos;10.0&amp;apos;, java.version: &amp;apos;15.0.2&amp;apos;
Driver info: org.openqa.selenium.chrome.ChromeDriver
Capabilities {acceptInsecureCerts: false, browserName: chrome, browserVersion: 88.0.4324.182, chrome: {chromedriverVersion: 87.0.4280.88 (89e2380a3e36c..., userDataDir: C:\Users\Sarkhel\AppData\Lo...}, goog:chromeOptions: {debuggerAddress: localhost:59915}, javascriptEnabled: true, networkConnectionEnabled: false, pageLoadStrategy: normal, platform: WINDOWS, platformName: WINDOWS, proxy: Proxy(), setWindowRect: true, strictFileInteractability: false, timeouts: {implicit: 0, pageLoad: 300000, script: 30000}, unhandledPromptBehavior: dismiss and notify, webauthn:virtualAuthenticators: true}
Session ID: 0f1b592fac6552ebaa4591ad4b9ab269
*** Element info: {Using=css selector, value=#ship_overview &amp;gt; div &amp;gt; div &amp;gt; div &amp;gt; div.ui_column.is-6-desktop.is-12-mobile.is-12-tablet._2uUROZdb &amp;gt; div.ui_column.is-12-desktop.is-12-mobile.is-12-tablet._114pqgnv &amp;gt; div._30ZCn9lR &amp;gt; div:nth-child(1)}">
      <![CDATA[org.openqa.selenium.NoSuchElementException: no such element: Unable to locate element: {"method":"css selector","selector":"#ship_overview > div > div > div > div.ui_column.is-6-desktop.is-12-mobile.is-12-tablet._2uUROZdb > div.ui_column.is-12-desktop.is-12-mobile.is-12-tablet._114pqgnv > div._30ZCn9lR > div:nth-child(1)"}
  (Session info: chrome=88.0.4324.182)
For documentation on this error, please visit: https://www.seleniumhq.org/exceptions/no_such_element.html
Build info: version: '3.141.59', revision: 'e82be7d358', time: '2018-11-14T08:17:03'
System info: host: 'DESKTOP-BTT9JPH', ip: '192.168.1.148', os.name: 'Windows 10', os.arch: 'amd64', os.version: '10.0', java.version: '15.0.2'
Driver info: org.openqa.selenium.chrome.ChromeDriver
Capabilities {acceptInsecureCerts: false, browserName: chrome, browserVersion: 88.0.4324.182, chrome: {chromedriverVersion: 87.0.4280.88 (89e2380a3e36c..., userDataDir: C:\Users\Sarkhel\AppData\Lo...}, goog:chromeOptions: {debuggerAddress: localhost:59915}, javascriptEnabled: true, networkConnectionEnabled: false, pageLoadStrategy: normal, platform: WINDOWS, platformName: WINDOWS, proxy: Proxy(), setWindowRect: true, strictFileInteractability: false, timeouts: {implicit: 0, pageLoad: 300000, script: 30000}, unhandledPromptBehavior: dismiss and notify, webauthn:virtualAuthenticators: true}
Session ID: 0f1b592fac6552ebaa4591ad4b9ab269
*** Element info: {Using=css selector, value=#ship_overview > div > div > div > div.ui_column.is-6-desktop.is-12-mobile.is-12-tablet._2uUROZdb > div.ui_column.is-12-desktop.is-12-mobile.is-12-tablet._114pqgnv > div._30ZCn9lR > div:nth-child(1)}
at org.openqa.selenium.remote.http.W3CHttpResponseCodec.createException(W3CHttpResponseCodec.java:187)
at org.openqa.selenium.remote.http.W3CHttpResponseCodec.decode(W3CHttpResponseCodec.java:122)
at org.openqa.selenium.remote.http.W3CHttpResponseCodec.decode(W3CHttpResponseCodec.java:49)
at org.openqa.selenium.remote.HttpCommandExecutor.execute(HttpCommandExecutor.java:158)
at org.openqa.selenium.remote.service.DriverCommandExecutor.execute(DriverCommandExecutor.java:83)
at org.openqa.selenium.remote.RemoteWebDriver.execute(RemoteWebDriver.java:552)
at org.openqa.selenium.remote.RemoteWebDriver.findElement(RemoteWebDriver.java:323)
at org.openqa.selenium.remote.RemoteWebDriver.findElementByCssSelector(RemoteWebDriver.java:420)
at org.openqa.selenium.By$ByCssSelector.findElement(By.java:431)
at org.openqa.selenium.remote.RemoteWebDriver.findElement(RemoteWebDriver.java:315)
at Hackathon.PassengersAndCrew.passengersAndCrew(PassengersAndCrew.java:37)
at Hackathon.Calculate_Trip_Cost.GetCruiseDetails(Calculate_Trip_Cost.java:347)
at java.base/java.util.ArrayList.forEach(ArrayList.java:1511)
at Hackathon.Calculate_Trip_Cost.main(Calculate_Trip_Cost.java:371)
... Removed 29 stack frames]]>
    </failure>
  </testcase> <!-- GetCruiseDetails -->
</testsuite> <!-- Command line test -->
